<?xml version="1.0" encoding="UTF-8"?>
<!-- Generated by org.testng.reporters.JUnitReportReporter -->
<testsuite hostname="G4-W10-21H1-LEG" failures="0" tests="1" name="qusetionset.SourcingOrgAdminisabletoCreateProjectWithPracticeQuestionSet" time="66.444" errors="0" timestamp="2024-03-15T15:03:57 IST" skipped="0">
  <testcase classname="qusetionset.SourcingOrgAdminisabletoCreateProjectWithPracticeQuestionSet" name="VerifySourcingOrgAdminisAbletoCreatetheProjectwithPracticeQuestionSetandSkipEnable" time="66.444"/>
  <system-out/>
</testsuite> <!-- qusetionset.SourcingOrgAdminisabletoCreateProjectWithPracticeQuestionSet -->
