<?xml version="1.0" encoding="UTF-8"?>
<!-- Generated by org.testng.reporters.JUnitReportReporter -->
<testsuite skipped="0" hostname="DESKTOP-H4OO3GB" name="sanity.FirstStep3" tests="1" failures="0" timestamp="2024-01-05T16:54:46 IST" time="28.781" errors="0">
  <testcase name="BMCPopup" time="28.781" classname="sanity.FirstStep3"/>
  <system-out/>
</testsuite> <!-- sanity.FirstStep3 -->
