<?xml version="1.0" encoding="UTF-8"?>
<!-- Generated by org.testng.reporters.JUnitReportReporter -->
<testsuite skipped="0" hostname="DESKTOP-H4OO3GB" name="sanity.FirstStep2" tests="1" failures="0" timestamp="2024-01-02T10:34:16 IST" time="16.220" errors="0">
  <testcase name="BMCPopup" time="16.220" classname="sanity.FirstStep2"/>
  <system-out/>
</testsuite> <!-- sanity.FirstStep2 -->
