<?xml version="1.0" encoding="UTF-8"?>
<!-- Generated by org.testng.reporters.JUnitReportReporter -->
<testsuite hostname="G4-W10-21H1-LEG" failures="0" tests="1" name="sanity.Login" time="6.993" errors="0" timestamp="2024-01-10T09:51:33 IST" skipped="0">
  <testcase classname="sanity.Login" name="LoginWithSourcingOrgAdmin" time="6.993"/>
  <system-out/>
</testsuite> <!-- sanity.Login -->
